<?xml version="1.0" encoding="UTF-8"?>
<!-- Generated by org.testng.reporters.JUnitXMLReporter -->
<testsuite ignored="0" hostname="Lenovo" failures="0" tests="5" name="Default test" time="27.556" errors="0" timestamp="2022-11-20T21:46:14 IST">
  <testcase classname="com.tesNG.task.Adactin_TestNG" name="login_Page" time="3.309"/>
  <testcase classname="com.tesNG.task.Adactin_TestNG" name="search_Page" time="3.018"/>
  <testcase classname="com.tesNG.task.Adactin_TestNG" name="select_Page" time="5.234"/>
  <testcase classname="com.tesNG.task.Adactin_TestNG" name="booking_Page" time="2.175"/>
  <testcase classname="com.tesNG.task.Adactin_TestNG" name="comfirm_Page" time="8.007"/>
</testsuite> <!-- Default test -->
