<?xml version="1.0" encoding="UTF-8"?>
<testng-results ignored="0" total="5" passed="5" failed="0" skipped="0">
  <reporter-output>
  </reporter-output>
  <suite started-at="2022-11-20T21:45:46 IST" name="Default suite" finished-at="2022-11-20T21:46:13 IST" duration-ms="27556">
    <groups>
    </groups>
    <test started-at="2022-11-20T21:45:46 IST" name="Default test" finished-at="2022-11-20T21:46:13 IST" duration-ms="27556">
      <class name="com.tesNG.task.Adactin_TestNG">
        <test-method is-config="true" signature="Launch()[pri:0, instance:com.tesNG.task.Adactin_TestNG@4aaae508]" started-at="2022-11-20T21:45:46 IST" name="Launch" finished-at="2022-11-20T21:45:51 IST" duration-ms="5196" status="PASS">
          <reporter-output>
          </reporter-output>
        </test-method> <!-- Launch -->
        <test-method signature="login_Page()[pri:1, instance:com.tesNG.task.Adactin_TestNG@4aaae508]" started-at="2022-11-20T21:45:51 IST" name="login_Page" finished-at="2022-11-20T21:45:54 IST" duration-ms="3309" status="PASS">
          <reporter-output>
          </reporter-output>
        </test-method> <!-- login_Page -->
        <test-method signature="search_Page()[pri:2, instance:com.tesNG.task.Adactin_TestNG@4aaae508]" started-at="2022-11-20T21:45:55 IST" name="search_Page" finished-at="2022-11-20T21:45:58 IST" depends-on-methods="com.tesNG.task.Adactin_TestNG.login_Page" duration-ms="3018" status="PASS">
          <reporter-output>
          </reporter-output>
        </test-method> <!-- search_Page -->
        <test-method signature="select_Page()[pri:3, instance:com.tesNG.task.Adactin_TestNG@4aaae508]" started-at="2022-11-20T21:45:58 IST" name="select_Page" finished-at="2022-11-20T21:46:03 IST" duration-ms="5234" status="PASS">
          <reporter-output>
          </reporter-output>
        </test-method> <!-- select_Page -->
        <test-method signature="booking_Page()[pri:4, instance:com.tesNG.task.Adactin_TestNG@4aaae508]" started-at="2022-11-20T21:46:03 IST" name="booking_Page" finished-at="2022-11-20T21:46:05 IST" duration-ms="2175" status="PASS">
          <reporter-output>
          </reporter-output>
        </test-method> <!-- booking_Page -->
        <test-method signature="comfirm_Page()[pri:5, instance:com.tesNG.task.Adactin_TestNG@4aaae508]" started-at="2022-11-20T21:46:05 IST" name="comfirm_Page" finished-at="2022-11-20T21:46:13 IST" depends-on-methods="com.tesNG.task.Adactin_TestNG.booking_Page" duration-ms="8007" status="PASS">
          <reporter-output>
          </reporter-output>
        </test-method> <!-- comfirm_Page -->
      </class> <!-- com.tesNG.task.Adactin_TestNG -->
    </test> <!-- Default test -->
  </suite> <!-- Default suite -->
</testng-results>
